Started GET "/" for 127.0.0.1 at 2017-12-14 15:22:20 -0800
Processing by Rails::WelcomeController#index as HTML
  Rendering /Users/minamelosh/.rvm/gems/ruby-2.4.1/gems/railties-5.1.4/lib/rails/templates/rails/welcome/index.html.erb
  Rendered /Users/minamelosh/.rvm/gems/ruby-2.4.1/gems/railties-5.1.4/lib/rails/templates/rails/welcome/index.html.erb (5.5ms)
Completed 200 OK in 387ms (Views: 15.1ms)


Started GET "/" for 127.0.0.1 at 2017-12-14 15:22:28 -0800
Processing by Rails::WelcomeController#index as HTML
  Rendering /Users/minamelosh/.rvm/gems/ruby-2.4.1/gems/railties-5.1.4/lib/rails/templates/rails/welcome/index.html.erb
  Rendered /Users/minamelosh/.rvm/gems/ruby-2.4.1/gems/railties-5.1.4/lib/rails/templates/rails/welcome/index.html.erb (5.5ms)
Completed 200 OK in 20ms (Views: 15.2ms)


Started GET "/" for 127.0.0.1 at 2017-12-14 15:41:25 -0800
Processing by Rails::WelcomeController#index as HTML
  Rendering /Users/minamelosh/.rvm/gems/ruby-2.4.1/gems/railties-5.1.4/lib/rails/templates/rails/welcome/index.html.erb
  Rendered /Users/minamelosh/.rvm/gems/ruby-2.4.1/gems/railties-5.1.4/lib/rails/templates/rails/welcome/index.html.erb (4.4ms)
Completed 200 OK in 15ms (Views: 7.2ms)


Started GET "/" for 127.0.0.1 at 2017-12-14 15:41:27 -0800
Processing by Rails::WelcomeController#index as HTML
  Rendering /Users/minamelosh/.rvm/gems/ruby-2.4.1/gems/railties-5.1.4/lib/rails/templates/rails/welcome/index.html.erb
  Rendered /Users/minamelosh/.rvm/gems/ruby-2.4.1/gems/railties-5.1.4/lib/rails/templates/rails/welcome/index.html.erb (4.0ms)
Completed 200 OK in 9ms (Views: 6.2ms)


Started GET "/" for 127.0.0.1 at 2017-12-14 15:42:31 -0800
Processing by WelcomeController#index as HTML
  Rendering welcome/index.html.erb within layouts/application
  Rendered welcome/index.html.erb within layouts/application (0.8ms)
Completed 200 OK in 1073ms (Views: 1070.2ms)


