Started GET "/" for 127.0.0.1 at 2017-12-14 15:22:20 -0800
Processing by Rails::WelcomeController#index as HTML
  Rendering /Users/minamelosh/.rvm/gems/ruby-2.4.1/gems/railties-5.1.4/lib/rails/templates/rails/welcome/index.html.erb
  Rendered /Users/minamelosh/.rvm/gems/ruby-2.4.1/gems/railties-5.1.4/lib/rails/templates/rails/welcome/index.html.erb (5.5ms)
Completed 200 OK in 387ms (Views: 15.1ms)


Started GET "/" for 127.0.0.1 at 2017-12-14 15:22:28 -0800
Processing by Rails::WelcomeController#index as HTML
  Rendering /Users/minamelosh/.rvm/gems/ruby-2.4.1/gems/railties-5.1.4/lib/rails/templates/rails/welcome/index.html.erb
  Rendered /Users/minamelosh/.rvm/gems/ruby-2.4.1/gems/railties-5.1.4/lib/rails/templates/rails/welcome/index.html.erb (5.5ms)
Completed 200 OK in 20ms (Views: 15.2ms)


Started GET "/" for 127.0.0.1 at 2017-12-14 15:41:25 -0800
Processing by Rails::WelcomeController#index as HTML
  Rendering /Users/minamelosh/.rvm/gems/ruby-2.4.1/gems/railties-5.1.4/lib/rails/templates/rails/welcome/index.html.erb
  Rendered /Users/minamelosh/.rvm/gems/ruby-2.4.1/gems/railties-5.1.4/lib/rails/templates/rails/welcome/index.html.erb (4.4ms)
Completed 200 OK in 15ms (Views: 7.2ms)


Started GET "/" for 127.0.0.1 at 2017-12-14 15:41:27 -0800
Processing by Rails::WelcomeController#index as HTML
  Rendering /Users/minamelosh/.rvm/gems/ruby-2.4.1/gems/railties-5.1.4/lib/rails/templates/rails/welcome/index.html.erb
  Rendered /Users/minamelosh/.rvm/gems/ruby-2.4.1/gems/railties-5.1.4/lib/rails/templates/rails/welcome/index.html.erb (4.0ms)
Completed 200 OK in 9ms (Views: 6.2ms)


Started GET "/" for 127.0.0.1 at 2017-12-14 15:42:31 -0800
Processing by WelcomeController#index as HTML
  Rendering welcome/index.html.erb within layouts/application
  Rendered welcome/index.html.erb within layouts/application (0.8ms)
Completed 200 OK in 1073ms (Views: 1070.2ms)


Started GET "/articles/new" for 127.0.0.1 at 2017-12-14 18:33:32 -0800
  
LoadError (cannot load such file -- /Users/minamelosh/rails-project/blog/config/routes.rb):
  
activesupport (5.1.4) lib/active_support/dependencies.rb:286:in `load'
activesupport (5.1.4) lib/active_support/dependencies.rb:286:in `block in load'
activesupport (5.1.4) lib/active_support/dependencies.rb:258:in `load_dependency'
activesupport (5.1.4) lib/active_support/dependencies.rb:286:in `load'
railties (5.1.4) lib/rails/application/routes_reloader.rb:55:in `block in load_paths'
railties (5.1.4) lib/rails/application/routes_reloader.rb:55:in `each'
railties (5.1.4) lib/rails/application/routes_reloader.rb:55:in `load_paths'
railties (5.1.4) lib/rails/application/routes_reloader.rb:18:in `reload!'
railties (5.1.4) lib/rails/application/routes_reloader.rb:41:in `block in updater'
activesupport (5.1.4) lib/active_support/file_update_checker.rb:81:in `execute'
railties (5.1.4) lib/rails/application/routes_reloader.rb:25:in `execute'
railties (5.1.4) lib/rails/application/finisher.rb:141:in `block (2 levels) in <module:Finisher>'
activesupport (5.1.4) lib/active_support/callbacks.rb:413:in `instance_exec'
activesupport (5.1.4) lib/active_support/callbacks.rb:413:in `block in make_lambda'
activesupport (5.1.4) lib/active_support/callbacks.rb:197:in `block (2 levels) in halting'
activesupport (5.1.4) lib/active_support/callbacks.rb:601:in `block (2 levels) in default_terminator'
activesupport (5.1.4) lib/active_support/callbacks.rb:600:in `catch'
activesupport (5.1.4) lib/active_support/callbacks.rb:600:in `block in default_terminator'
activesupport (5.1.4) lib/active_support/callbacks.rb:198:in `block in halting'
activesupport (5.1.4) lib/active_support/callbacks.rb:507:in `block in invoke_before'
activesupport (5.1.4) lib/active_support/callbacks.rb:507:in `each'
activesupport (5.1.4) lib/active_support/callbacks.rb:507:in `invoke_before'
activesupport (5.1.4) lib/active_support/callbacks.rb:130:in `run_callbacks'
activesupport (5.1.4) lib/active_support/execution_wrapper.rb:108:in `run!'
activesupport (5.1.4) lib/active_support/reloader.rb:113:in `run!'
activesupport (5.1.4) lib/active_support/execution_wrapper.rb:70:in `block in run!'
activesupport (5.1.4) lib/active_support/execution_wrapper.rb:67:in `tap'
activesupport (5.1.4) lib/active_support/execution_wrapper.rb:67:in `run!'
activesupport (5.1.4) lib/active_support/reloader.rb:59:in `run!'
actionpack (5.1.4) lib/action_dispatch/middleware/executor.rb:10:in `call'
actionpack (5.1.4) lib/action_dispatch/middleware/debug_exceptions.rb:59:in `call'
web-console (3.5.1) lib/web_console/middleware.rb:135:in `call_app'
web-console (3.5.1) lib/web_console/middleware.rb:28:in `block in call'
web-console (3.5.1) lib/web_console/middleware.rb:18:in `catch'
web-console (3.5.1) lib/web_console/middleware.rb:18:in `call'
actionpack (5.1.4) lib/action_dispatch/middleware/show_exceptions.rb:31:in `call'
railties (5.1.4) lib/rails/rack/logger.rb:36:in `call_app'
railties (5.1.4) lib/rails/rack/logger.rb:24:in `block in call'
activesupport (5.1.4) lib/active_support/tagged_logging.rb:69:in `block in tagged'
activesupport (5.1.4) lib/active_support/tagged_logging.rb:26:in `tagged'
activesupport (5.1.4) lib/active_support/tagged_logging.rb:69:in `tagged'
railties (5.1.4) lib/rails/rack/logger.rb:24:in `call'
sprockets-rails (3.2.1) lib/sprockets/rails/quiet_assets.rb:13:in `call'
actionpack (5.1.4) lib/action_dispatch/middleware/remote_ip.rb:79:in `call'
actionpack (5.1.4) lib/action_dispatch/middleware/request_id.rb:25:in `call'
rack (2.0.3) lib/rack/method_override.rb:22:in `call'
rack (2.0.3) lib/rack/runtime.rb:22:in `call'
activesupport (5.1.4) lib/active_support/cache/strategy/local_cache_middleware.rb:27:in `call'
actionpack (5.1.4) lib/action_dispatch/middleware/executor.rb:12:in `call'
actionpack (5.1.4) lib/action_dispatch/middleware/static.rb:125:in `call'
rack (2.0.3) lib/rack/sendfile.rb:111:in `call'
railties (5.1.4) lib/rails/engine.rb:522:in `call'
puma (3.11.0) lib/puma/configuration.rb:225:in `call'
puma (3.11.0) lib/puma/server.rb:624:in `handle_request'
puma (3.11.0) lib/puma/server.rb:438:in `process_client'
puma (3.11.0) lib/puma/server.rb:302:in `block in run'
puma (3.11.0) lib/puma/thread_pool.rb:120:in `block in spawn_thread'
Started GET "/favicon.ico" for 127.0.0.1 at 2017-12-14 18:33:33 -0800
  
ActionController::RoutingError (No route matches [GET] "/favicon.ico"):
  
actionpack (5.1.4) lib/action_dispatch/middleware/debug_exceptions.rb:63:in `call'
web-console (3.5.1) lib/web_console/middleware.rb:135:in `call_app'
web-console (3.5.1) lib/web_console/middleware.rb:28:in `block in call'
web-console (3.5.1) lib/web_console/middleware.rb:18:in `catch'
web-console (3.5.1) lib/web_console/middleware.rb:18:in `call'
actionpack (5.1.4) lib/action_dispatch/middleware/show_exceptions.rb:31:in `call'
railties (5.1.4) lib/rails/rack/logger.rb:36:in `call_app'
railties (5.1.4) lib/rails/rack/logger.rb:24:in `block in call'
activesupport (5.1.4) lib/active_support/tagged_logging.rb:69:in `block in tagged'
activesupport (5.1.4) lib/active_support/tagged_logging.rb:26:in `tagged'
activesupport (5.1.4) lib/active_support/tagged_logging.rb:69:in `tagged'
railties (5.1.4) lib/rails/rack/logger.rb:24:in `call'
sprockets-rails (3.2.1) lib/sprockets/rails/quiet_assets.rb:13:in `call'
actionpack (5.1.4) lib/action_dispatch/middleware/remote_ip.rb:79:in `call'
actionpack (5.1.4) lib/action_dispatch/middleware/request_id.rb:25:in `call'
rack (2.0.3) lib/rack/method_override.rb:22:in `call'
rack (2.0.3) lib/rack/runtime.rb:22:in `call'
activesupport (5.1.4) lib/active_support/cache/strategy/local_cache_middleware.rb:27:in `call'
actionpack (5.1.4) lib/action_dispatch/middleware/executor.rb:12:in `call'
actionpack (5.1.4) lib/action_dispatch/middleware/static.rb:125:in `call'
rack (2.0.3) lib/rack/sendfile.rb:111:in `call'
railties (5.1.4) lib/rails/engine.rb:522:in `call'
puma (3.11.0) lib/puma/configuration.rb:225:in `call'
puma (3.11.0) lib/puma/server.rb:624:in `handle_request'
puma (3.11.0) lib/puma/server.rb:438:in `process_client'
puma (3.11.0) lib/puma/server.rb:302:in `block in run'
puma (3.11.0) lib/puma/thread_pool.rb:120:in `block in spawn_thread'
Started GET "/articles/new" for 127.0.0.1 at 2017-12-14 18:34:23 -0800
  
ActionController::RoutingError (No route matches [GET] "/articles/new"):
  
actionpack (5.1.4) lib/action_dispatch/middleware/debug_exceptions.rb:63:in `call'
web-console (3.5.1) lib/web_console/middleware.rb:135:in `call_app'
web-console (3.5.1) lib/web_console/middleware.rb:28:in `block in call'
web-console (3.5.1) lib/web_console/middleware.rb:18:in `catch'
web-console (3.5.1) lib/web_console/middleware.rb:18:in `call'
actionpack (5.1.4) lib/action_dispatch/middleware/show_exceptions.rb:31:in `call'
railties (5.1.4) lib/rails/rack/logger.rb:36:in `call_app'
railties (5.1.4) lib/rails/rack/logger.rb:24:in `block in call'
activesupport (5.1.4) lib/active_support/tagged_logging.rb:69:in `block in tagged'
activesupport (5.1.4) lib/active_support/tagged_logging.rb:26:in `tagged'
activesupport (5.1.4) lib/active_support/tagged_logging.rb:69:in `tagged'
railties (5.1.4) lib/rails/rack/logger.rb:24:in `call'
sprockets-rails (3.2.1) lib/sprockets/rails/quiet_assets.rb:13:in `call'
actionpack (5.1.4) lib/action_dispatch/middleware/remote_ip.rb:79:in `call'
actionpack (5.1.4) lib/action_dispatch/middleware/request_id.rb:25:in `call'
rack (2.0.3) lib/rack/method_override.rb:22:in `call'
rack (2.0.3) lib/rack/runtime.rb:22:in `call'
activesupport (5.1.4) lib/active_support/cache/strategy/local_cache_middleware.rb:27:in `call'
actionpack (5.1.4) lib/action_dispatch/middleware/executor.rb:12:in `call'
actionpack (5.1.4) lib/action_dispatch/middleware/static.rb:125:in `call'
rack (2.0.3) lib/rack/sendfile.rb:111:in `call'
railties (5.1.4) lib/rails/engine.rb:522:in `call'
puma (3.11.0) lib/puma/configuration.rb:225:in `call'
puma (3.11.0) lib/puma/server.rb:624:in `handle_request'
puma (3.11.0) lib/puma/server.rb:438:in `process_client'
puma (3.11.0) lib/puma/server.rb:302:in `block in run'
puma (3.11.0) lib/puma/thread_pool.rb:120:in `block in spawn_thread'
Started GET "/articles/new" for 127.0.0.1 at 2017-12-14 18:35:15 -0800
  
ActionController::RoutingError (No route matches [GET] "/articles/new"):
  
actionpack (5.1.4) lib/action_dispatch/middleware/debug_exceptions.rb:63:in `call'
web-console (3.5.1) lib/web_console/middleware.rb:135:in `call_app'
web-console (3.5.1) lib/web_console/middleware.rb:28:in `block in call'
web-console (3.5.1) lib/web_console/middleware.rb:18:in `catch'
web-console (3.5.1) lib/web_console/middleware.rb:18:in `call'
actionpack (5.1.4) lib/action_dispatch/middleware/show_exceptions.rb:31:in `call'
railties (5.1.4) lib/rails/rack/logger.rb:36:in `call_app'
railties (5.1.4) lib/rails/rack/logger.rb:24:in `block in call'
activesupport (5.1.4) lib/active_support/tagged_logging.rb:69:in `block in tagged'
activesupport (5.1.4) lib/active_support/tagged_logging.rb:26:in `tagged'
activesupport (5.1.4) lib/active_support/tagged_logging.rb:69:in `tagged'
railties (5.1.4) lib/rails/rack/logger.rb:24:in `call'
sprockets-rails (3.2.1) lib/sprockets/rails/quiet_assets.rb:13:in `call'
actionpack (5.1.4) lib/action_dispatch/middleware/remote_ip.rb:79:in `call'
actionpack (5.1.4) lib/action_dispatch/middleware/request_id.rb:25:in `call'
rack (2.0.3) lib/rack/method_override.rb:22:in `call'
rack (2.0.3) lib/rack/runtime.rb:22:in `call'
activesupport (5.1.4) lib/active_support/cache/strategy/local_cache_middleware.rb:27:in `call'
actionpack (5.1.4) lib/action_dispatch/middleware/executor.rb:12:in `call'
actionpack (5.1.4) lib/action_dispatch/middleware/static.rb:125:in `call'
rack (2.0.3) lib/rack/sendfile.rb:111:in `call'
railties (5.1.4) lib/rails/engine.rb:522:in `call'
puma (3.11.0) lib/puma/configuration.rb:225:in `call'
puma (3.11.0) lib/puma/server.rb:624:in `handle_request'
puma (3.11.0) lib/puma/server.rb:438:in `process_client'
puma (3.11.0) lib/puma/server.rb:302:in `block in run'
puma (3.11.0) lib/puma/thread_pool.rb:120:in `block in spawn_thread'
Started GET "/" for 127.0.0.1 at 2017-12-14 18:38:16 -0800
  
ActionController::RoutingError (No route matches [GET] "/"):
  
actionpack (5.1.4) lib/action_dispatch/middleware/debug_exceptions.rb:63:in `call'
web-console (3.5.1) lib/web_console/middleware.rb:135:in `call_app'
web-console (3.5.1) lib/web_console/middleware.rb:28:in `block in call'
web-console (3.5.1) lib/web_console/middleware.rb:18:in `catch'
web-console (3.5.1) lib/web_console/middleware.rb:18:in `call'
actionpack (5.1.4) lib/action_dispatch/middleware/show_exceptions.rb:31:in `call'
railties (5.1.4) lib/rails/rack/logger.rb:36:in `call_app'
railties (5.1.4) lib/rails/rack/logger.rb:24:in `block in call'
activesupport (5.1.4) lib/active_support/tagged_logging.rb:69:in `block in tagged'
activesupport (5.1.4) lib/active_support/tagged_logging.rb:26:in `tagged'
activesupport (5.1.4) lib/active_support/tagged_logging.rb:69:in `tagged'
railties (5.1.4) lib/rails/rack/logger.rb:24:in `call'
sprockets-rails (3.2.1) lib/sprockets/rails/quiet_assets.rb:13:in `call'
actionpack (5.1.4) lib/action_dispatch/middleware/remote_ip.rb:79:in `call'
actionpack (5.1.4) lib/action_dispatch/middleware/request_id.rb:25:in `call'
rack (2.0.3) lib/rack/method_override.rb:22:in `call'
rack (2.0.3) lib/rack/runtime.rb:22:in `call'
activesupport (5.1.4) lib/active_support/cache/strategy/local_cache_middleware.rb:27:in `call'
actionpack (5.1.4) lib/action_dispatch/middleware/executor.rb:12:in `call'
actionpack (5.1.4) lib/action_dispatch/middleware/static.rb:125:in `call'
rack (2.0.3) lib/rack/sendfile.rb:111:in `call'
railties (5.1.4) lib/rails/engine.rb:522:in `call'
puma (3.11.0) lib/puma/configuration.rb:225:in `call'
puma (3.11.0) lib/puma/server.rb:624:in `handle_request'
puma (3.11.0) lib/puma/server.rb:438:in `process_client'
puma (3.11.0) lib/puma/server.rb:302:in `block in run'
puma (3.11.0) lib/puma/thread_pool.rb:120:in `block in spawn_thread'
Started GET "/" for 127.0.0.1 at 2017-12-14 18:40:42 -0800
Processing by WelcomeController#index as HTML
  Rendering welcome/index.html.erb within layouts/application
  Rendered welcome/index.html.erb within layouts/application (0.5ms)
Completed 200 OK in 125ms (Views: 120.2ms)


Started GET "/articles/new" for 127.0.0.1 at 2017-12-14 18:40:44 -0800
Processing by ArticlesController#new as HTML
  Rendering articles/new.html.erb within layouts/application
  Rendered articles/new.html.erb within layouts/application (0.8ms)
Completed 200 OK in 46ms (Views: 42.5ms)


Started GET "/articles/new" for 127.0.0.1 at 2017-12-14 18:41:44 -0800
Processing by ArticlesController#new as HTML
  Rendering articles/new.html.erb within layouts/application
  Rendered articles/new.html.erb within layouts/application (30.9ms)
Completed 200 OK in 82ms (Views: 77.4ms)


Started GET "/articles/new" for 127.0.0.1 at 2017-12-14 18:46:04 -0800
Processing by ArticlesController#new as HTML
  Rendering articles/new.html.erb within layouts/application
  Rendered articles/new.html.erb within layouts/application (2.2ms)
Completed 200 OK in 55ms (Views: 51.7ms)


Started POST "/articles" for 127.0.0.1 at 2017-12-14 18:46:07 -0800
Processing by ArticlesController#create as HTML
  Parameters: {"utf8"=>"✓", "authenticity_token"=>"mumhLDG2lBQUXm9czDmPz8wkdzq8XkkcOlaoNAL12FZK65vki4pZvIvsUpLwW26ogP/XCeXcQLULM49BxUhReQ==", "article"=>{"title"=>"adsf", "text"=>"asdf"}, "commit"=>"Save Article"}
  Rendering text template
  Rendered text template (0.0ms)
Completed 200 OK in 6ms (Views: 3.0ms)


Started POST "/articles" for 127.0.0.1 at 2017-12-14 19:01:01 -0800
Processing by ArticlesController#create as HTML
  Parameters: {"utf8"=>"✓", "authenticity_token"=>"mumhLDG2lBQUXm9czDmPz8wkdzq8XkkcOlaoNAL12FZK65vki4pZvIvsUpLwW26ogP/XCeXcQLULM49BxUhReQ==", "article"=>{"title"=>"adsf", "text"=>"asdf"}, "commit"=>"Save Article"}
Completed 500 Internal Server Error in 7ms


  
NameError (uninitialized constant ArticlesController::Article):
  
app/controllers/articles_controller.rb:10:in `create'
Started GET "/articles/new" for 127.0.0.1 at 2017-12-14 19:02:26 -0800
Processing by ArticlesController#new as HTML
  Rendering articles/new.html.erb within layouts/application
  Rendered articles/new.html.erb within layouts/application (4.9ms)
Completed 200 OK in 72ms (Views: 68.0ms)


Started GET "/articles/new" for 127.0.0.1 at 2017-12-14 19:02:31 -0800
Processing by ArticlesController#new as HTML
  Rendering articles/new.html.erb within layouts/application
  Rendered articles/new.html.erb within layouts/application (4.5ms)
Completed 200 OK in 94ms (Views: 90.0ms)


Started POST "/articles" for 127.0.0.1 at 2017-12-14 19:02:36 -0800
Processing by ArticlesController#create as HTML
  Parameters: {"utf8"=>"✓", "authenticity_token"=>"DS6p1Eb6qzU/auqi98gZ9U10M8Ssg5P83L4soKdXSN/dLJMc/MZmnaDY12zLqviSAa+T9/UBmlXt2wvVYOrB8A==", "article"=>{"title"=>"a", "text"=>"a"}, "commit"=>"Save Article"}
Completed 500 Internal Server Error in 3ms


  
NameError (uninitialized constant ArticlesController::Article):
  
app/controllers/articles_controller.rb:10:in `create'
Started POST "/articles" for 127.0.0.1 at 2017-12-14 19:03:15 -0800
Processing by ArticlesController#create as HTML
  Parameters: {"utf8"=>"✓", "authenticity_token"=>"DS6p1Eb6qzU/auqi98gZ9U10M8Ssg5P83L4soKdXSN/dLJMc/MZmnaDY12zLqviSAa+T9/UBmlXt2wvVYOrB8A==", "article"=>{"title"=>"a", "text"=>"a"}, "commit"=>"Save Article"}
Completed 500 Internal Server Error in 3ms


  
NameError (uninitialized constant ArticlesController::Article):
  
app/controllers/articles_controller.rb:10:in `create'
Started POST "/articles" for 127.0.0.1 at 2017-12-14 19:06:23 -0800
Processing by ArticlesController#create as HTML
  Parameters: {"utf8"=>"✓", "authenticity_token"=>"DS6p1Eb6qzU/auqi98gZ9U10M8Ssg5P83L4soKdXSN/dLJMc/MZmnaDY12zLqviSAa+T9/UBmlXt2wvVYOrB8A==", "article"=>{"title"=>"a", "text"=>"a"}, "commit"=>"Save Article"}
Completed 500 Internal Server Error in 2ms


  
NameError (uninitialized constant ArticlesController::Article):
  
app/controllers/articles_controller.rb:10:in `create'
Started GET "/articles/new" for 127.0.0.1 at 2017-12-14 19:06:56 -0800
Processing by ArticlesController#new as HTML
  Rendering articles/new.html.erb within layouts/application
  Rendered articles/new.html.erb within layouts/application (3.0ms)
Completed 200 OK in 61ms (Views: 56.1ms)


Started POST "/articles" for 127.0.0.1 at 2017-12-14 19:07:09 -0800
Processing by ArticlesController#create as HTML
  Parameters: {"utf8"=>"✓", "authenticity_token"=>"v+SzkxB5vUu4E+TYnT3es6U5J4tMvGmONCOlmR8Qm75v5olbqkVw4yeh2RahXz/U6eKHuBU+YCcFRoLs2K0SkQ==", "article"=>{"title"=>"asdf", "text"=>"asdf"}, "commit"=>"Save Article"}
Completed 500 Internal Server Error in 2ms


  
NameError (uninitialized constant ArticlesController::Article):
  
app/controllers/articles_controller.rb:10:in `create'
Started POST "/__web_console/repl_sessions/f2f0c7099c318186a89dd9d9f87e71e2/trace" for 127.0.0.1 at 2017-12-14 19:10:00 -0800
Started POST "/articles" for 127.0.0.1 at 2017-12-14 19:10:47 -0800
Processing by ArticlesController#create as HTML
  Parameters: {"utf8"=>"✓", "authenticity_token"=>"v+SzkxB5vUu4E+TYnT3es6U5J4tMvGmONCOlmR8Qm75v5olbqkVw4yeh2RahXz/U6eKHuBU+YCcFRoLs2K0SkQ==", "article"=>{"title"=>"asdf", "text"=>"asdf"}, "commit"=>"Save Article"}
Completed 500 Internal Server Error in 2ms


  
NameError (uninitialized constant ArticlesController::Article):
  
app/controllers/articles_controller.rb:10:in `create'
Started POST "/articles" for 127.0.0.1 at 2017-12-14 19:10:50 -0800
Processing by ArticlesController#create as HTML
  Parameters: {"utf8"=>"✓", "authenticity_token"=>"v+SzkxB5vUu4E+TYnT3es6U5J4tMvGmONCOlmR8Qm75v5olbqkVw4yeh2RahXz/U6eKHuBU+YCcFRoLs2K0SkQ==", "article"=>{"title"=>"asdf", "text"=>"asdf"}, "commit"=>"Save Article"}
Completed 500 Internal Server Error in 2ms


  
NameError (uninitialized constant ArticlesController::Article):
  
app/controllers/articles_controller.rb:10:in `create'
Started GET "/articles" for 127.0.0.1 at 2017-12-14 19:14:01 -0800
Processing by ArticlesController#index as HTML
Completed 500 Internal Server Error in 3ms


  
NameError (uninitialized constant ArticlesController::Article):
  
app/controllers/articles_controller.rb:3:in `index'
Started POST "/articles" for 127.0.0.1 at 2017-12-14 19:14:49 -0800
Processing by ArticlesController#create as HTML
  Parameters: {"utf8"=>"✓", "authenticity_token"=>"v+SzkxB5vUu4E+TYnT3es6U5J4tMvGmONCOlmR8Qm75v5olbqkVw4yeh2RahXz/U6eKHuBU+YCcFRoLs2K0SkQ==", "article"=>{"title"=>"asdf", "text"=>"asdf"}, "commit"=>"Save Article"}
Completed 500 Internal Server Error in 3ms


  
NameError (uninitialized constant ArticlesController::Article):
  
app/controllers/articles_controller.rb:14:in `create'
Started GET "/articles" for 127.0.0.1 at 2017-12-14 19:19:28 -0800
Processing by ArticlesController#index as HTML
  Rendering articles/index.html.erb within layouts/application
  [1m[36mArticle Load (0.7ms)[0m  [1m[34mSELECT "articles".* FROM "articles"[0m
  Rendered articles/index.html.erb within layouts/application (22.6ms)
Completed 500 Internal Server Error in 148ms (ActiveRecord: 2.1ms)


  
ActionView::Template::Error (SQLite3::SQLException: no such table: articles: SELECT "articles".* FROM "articles"):
     7:     <th>Text</th>
     8:   </tr>
     9:  
    10:   <% @articles.each do |article| %>
    11:     <tr>
    12:       <td><%= article.title %></td>
    13:       <td><%= article.text %></td>
  
app/views/articles/index.html.erb:10:in `_app_views_articles_index_html_erb__2282311165984574773_70134719454300'
Started GET "/" for 127.0.0.1 at 2017-12-14 19:19:33 -0800
Processing by WelcomeController#index as HTML
  Rendering welcome/index.html.erb within layouts/application
  Rendered welcome/index.html.erb within layouts/application (1.6ms)
Completed 200 OK in 47ms (Views: 43.2ms | ActiveRecord: 0.0ms)


Started GET "/articles/new" for 127.0.0.1 at 2017-12-14 19:19:35 -0800
Processing by ArticlesController#new as HTML
  Rendering articles/new.html.erb within layouts/application
  Rendered articles/new.html.erb within layouts/application (3.4ms)
Completed 200 OK in 34ms (Views: 30.2ms | ActiveRecord: 0.0ms)


Started GET "/articles" for 127.0.0.1 at 2017-12-14 19:19:37 -0800
Processing by ArticlesController#index as HTML
  Rendering articles/index.html.erb within layouts/application
  [1m[36mArticle Load (0.6ms)[0m  [1m[34mSELECT "articles".* FROM "articles"[0m
  Rendered articles/index.html.erb within layouts/application (4.1ms)
Completed 500 Internal Server Error in 13ms (ActiveRecord: 0.6ms)


  
ActionView::Template::Error (SQLite3::SQLException: no such table: articles: SELECT "articles".* FROM "articles"):
     7:     <th>Text</th>
     8:   </tr>
     9:  
    10:   <% @articles.each do |article| %>
    11:     <tr>
    12:       <td><%= article.title %></td>
    13:       <td><%= article.text %></td>
  
app/views/articles/index.html.erb:10:in `_app_views_articles_index_html_erb__2282311165984574773_70134672603660'
Started GET "/articles" for 127.0.0.1 at 2017-12-14 19:25:01 -0800
Processing by ArticlesController#index as HTML
  Rendering articles/index.html.erb within layouts/application
  [1m[36mArticle Load (3.5ms)[0m  [1m[34mSELECT "articles".* FROM "articles"[0m
  Rendered articles/index.html.erb within layouts/application (17.4ms)
Completed 500 Internal Server Error in 42ms (ActiveRecord: 3.5ms)


  
ActionView::Template::Error (SQLite3::SQLException: no such table: articles: SELECT "articles".* FROM "articles"):
     7:     <th>Text</th>
     8:   </tr>
     9:  
    10:   <% @articles.each do |article| %>
    11:     <tr>
    12:       <td><%= article.title %></td>
    13:       <td><%= article.text %></td>
  
app/views/articles/index.html.erb:10:in `_app_views_articles_index_html_erb__2282311165984574773_70134672537420'
Started GET "/" for 127.0.0.1 at 2017-12-14 19:25:05 -0800
Processing by WelcomeController#index as HTML
  Rendering welcome/index.html.erb within layouts/application
  Rendered welcome/index.html.erb within layouts/application (1.6ms)
Completed 200 OK in 48ms (Views: 43.9ms | ActiveRecord: 0.0ms)


Started GET "/articles/new" for 127.0.0.1 at 2017-12-14 19:25:08 -0800
Processing by ArticlesController#new as HTML
  Rendering articles/new.html.erb within layouts/application
  Rendered articles/new.html.erb within layouts/application (3.3ms)
Completed 200 OK in 37ms (Views: 31.7ms | ActiveRecord: 0.0ms)


Started POST "/articles" for 127.0.0.1 at 2017-12-14 19:25:12 -0800
Processing by ArticlesController#create as HTML
  Parameters: {"utf8"=>"✓", "authenticity_token"=>"Lc27ULIoep0XVWDoRGysHO4qNSlJc/QSWuoKFC3MDMDewJfpEFWV0+lzSOaOQRMVr75fdNnwvWsXV88DquUziQ==", "article"=>{"title"=>"mina", "text"=>"jsjdfsalkjfa"}, "commit"=>"Save Article"}
Completed 500 Internal Server Error in 17ms (ActiveRecord: 13.3ms)


  
ActiveRecord::StatementInvalid (Could not find table 'articles'):
  
app/controllers/articles_controller.rb:14:in `create'
Started POST "/articles" for 127.0.0.1 at 2017-12-14 19:29:09 -0800
Processing by ArticlesController#create as HTML
  Parameters: {"utf8"=>"✓", "authenticity_token"=>"V986njTEMITrRZMtdHXNDVgMTJ7Es32IUY9EFlBzpQ6H3QBWjvj9LHT3ruNIFyxqFNfsrZ0xdCFg6mNjl84sIQ==", "article"=>{"title"=>"mina", "text"=>"jsjdfsalkjfa"}, "commit"=>"Save Article"}
  Rendering text template
  Rendered text template (0.0ms)
Completed 200 OK in 2ms (Views: 0.9ms)


  [1m[35m (1.3ms)[0m  [1m[34mSELECT sqlite_version(*)[0m
  [1m[35m (2.3ms)[0m  [1m[35mCREATE TABLE "schema_migrations" ("version" varchar NOT NULL PRIMARY KEY)[0m
  [1m[35m (2.2ms)[0m  [1m[35mCREATE TABLE "ar_internal_metadata" ("key" varchar NOT NULL PRIMARY KEY, "value" varchar, "created_at" datetime NOT NULL, "updated_at" datetime NOT NULL)[0m
  [1m[35m (0.2ms)[0m  [1m[34mSELECT "schema_migrations"."version" FROM "schema_migrations" ORDER BY "schema_migrations"."version" ASC[0m
Migrating to CreateArticles (20171215032953)
  [1m[35m (0.1ms)[0m  [1m[36mbegin transaction[0m
  [1m[35m (0.5ms)[0m  [1m[35mCREATE TABLE "articles" ("id" INTEGER PRIMARY KEY AUTOINCREMENT NOT NULL, "title" varchar, "text" text, "created_at" datetime NOT NULL, "updated_at" datetime NOT NULL)[0m
  [1m[35mSQL (0.3ms)[0m  [1m[32mINSERT INTO "schema_migrations" ("version") VALUES (?)[0m  [["version", "20171215032953"]]
  [1m[35m (1.9ms)[0m  [1m[36mcommit transaction[0m
  [1m[36mActiveRecord::InternalMetadata Load (0.3ms)[0m  [1m[34mSELECT  "ar_internal_metadata".* FROM "ar_internal_metadata" WHERE "ar_internal_metadata"."key" = ? LIMIT ?[0m  [["key", "environment"], ["LIMIT", 1]]
  [1m[35m (0.1ms)[0m  [1m[36mbegin transaction[0m
  [1m[35mSQL (0.5ms)[0m  [1m[32mINSERT INTO "ar_internal_metadata" ("key", "value", "created_at", "updated_at") VALUES (?, ?, ?, ?)[0m  [["key", "environment"], ["value", "development"], ["created_at", "2017-12-15 03:30:48.618113"], ["updated_at", "2017-12-15 03:30:48.618113"]]
  [1m[35m (1.6ms)[0m  [1m[36mcommit transaction[0m
  [1m[35m (0.1ms)[0m  [1m[34mSELECT "schema_migrations"."version" FROM "schema_migrations" ORDER BY "schema_migrations"."version" ASC[0m
Started POST "/articles" for 127.0.0.1 at 2017-12-14 19:32:51 -0800
Processing by ArticlesController#create as HTML
  Parameters: {"utf8"=>"✓", "authenticity_token"=>"V986njTEMITrRZMtdHXNDVgMTJ7Es32IUY9EFlBzpQ6H3QBWjvj9LHT3ruNIFyxqFNfsrZ0xdCFg6mNjl84sIQ==", "article"=>{"title"=>"mina", "text"=>"jsjdfsalkjfa"}, "commit"=>"Save Article"}
Completed 500 Internal Server Error in 52ms (ActiveRecord: 1.4ms)


  
ActiveModel::ForbiddenAttributesError (ActiveModel::ForbiddenAttributesError):
  
app/controllers/articles_controller.rb:14:in `create'
Started GET "/articles/new" for 127.0.0.1 at 2017-12-14 19:34:02 -0800
Processing by ArticlesController#new as HTML
  Rendering articles/new.html.erb within layouts/application
  Rendered articles/new.html.erb within layouts/application (4.9ms)
Completed 200 OK in 73ms (Views: 69.7ms)


Started POST "/articles" for 127.0.0.1 at 2017-12-14 19:34:06 -0800
Processing by ArticlesController#create as HTML
  Parameters: {"utf8"=>"✓", "authenticity_token"=>"pb/RbJ+p8v0eRNDfON3bJSCMpN4h0NENqS/PGK0/jqV1veukJZU/VYH27REEvzpCbFcE7XhS2KSYSuhtaoIHig==", "article"=>{"title"=>"afdf", "text"=>"adsfds"}, "commit"=>"Save Article"}
  [1m[35m (0.1ms)[0m  [1m[36mbegin transaction[0m
  [1m[35mSQL (2.7ms)[0m  [1m[32mINSERT INTO "articles" ("title", "text", "created_at", "updated_at") VALUES (?, ?, ?, ?)[0m  [["title", "afdf"], ["text", "adsfds"], ["created_at", "2017-12-15 03:34:06.053676"], ["updated_at", "2017-12-15 03:34:06.053676"]]
  [1m[35m (1.8ms)[0m  [1m[36mcommit transaction[0m
Redirected to http://localhost:3000/articles/1
Completed 302 Found in 27ms (ActiveRecord: 6.8ms)


Started GET "/articles/1" for 127.0.0.1 at 2017-12-14 19:34:06 -0800
Processing by ArticlesController#show as HTML
  Parameters: {"id"=>"1"}
  [1m[36mArticle Load (0.3ms)[0m  [1m[34mSELECT  "articles".* FROM "articles" WHERE "articles"."id" = ? LIMIT ?[0m  [["id", 1], ["LIMIT", 1]]
  Rendering articles/show.html.erb within layouts/application
  Rendered articles/show.html.erb within layouts/application (0.8ms)
Completed 200 OK in 52ms (Views: 25.3ms | ActiveRecord: 0.3ms)


Started GET "/articles/new" for 127.0.0.1 at 2017-12-14 19:35:32 -0800
Processing by ArticlesController#new as HTML
  Rendering articles/new.html.erb within layouts/application
  Rendered articles/new.html.erb within layouts/application (5.8ms)
Completed 500 Internal Server Error in 15ms (ActiveRecord: 0.0ms)


  
ActionView::Template::Error (undefined method `errors' for nil:NilClass):
    4: 
    5: <%= form_with scope: :article, url: articles_path, local: true do |form| %>
    6:  
    7:   <% if @article.errors.any? %>
    8:     <div id="error_explanation">
    9:       <h2>
   10:         <%= pluralize(@article.errors.count, "error") %> prohibited
  
app/views/articles/new.html.erb:7:in `block in _app_views_articles_new_html_erb___807283559614759918_70134679016320'
app/views/articles/new.html.erb:5:in `_app_views_articles_new_html_erb___807283559614759918_70134679016320'
Started GET "/articles/new" for 127.0.0.1 at 2017-12-14 19:35:37 -0800
Processing by ArticlesController#new as HTML
  Rendering articles/new.html.erb within layouts/application
  Rendered articles/new.html.erb within layouts/application (4.0ms)
Completed 500 Internal Server Error in 11ms (ActiveRecord: 0.0ms)


  
ActionView::Template::Error (undefined method `errors' for nil:NilClass):
    4: 
    5: <%= form_with scope: :article, url: articles_path, local: true do |form| %>
    6:  
    7:   <% if @article.errors.any? %>
    8:     <div id="error_explanation">
    9:       <h2>
   10:         <%= pluralize(@article.errors.count, "error") %> prohibited
  
app/views/articles/new.html.erb:7:in `block in _app_views_articles_new_html_erb___807283559614759918_70134719700240'
app/views/articles/new.html.erb:5:in `_app_views_articles_new_html_erb___807283559614759918_70134719700240'
Started GET "/" for 127.0.0.1 at 2017-12-14 19:35:41 -0800
Processing by WelcomeController#index as HTML
  Rendering welcome/index.html.erb within layouts/application
  Rendered welcome/index.html.erb within layouts/application (1.5ms)
Completed 200 OK in 58ms (Views: 54.6ms | ActiveRecord: 0.0ms)


Started GET "/articles/new" for 127.0.0.1 at 2017-12-14 19:35:42 -0800
Processing by ArticlesController#new as HTML
  Rendering articles/new.html.erb within layouts/application
  Rendered articles/new.html.erb within layouts/application (6.5ms)
Completed 500 Internal Server Error in 14ms (ActiveRecord: 0.0ms)


  
ActionView::Template::Error (undefined method `errors' for nil:NilClass):
    4: 
    5: <%= form_with scope: :article, url: articles_path, local: true do |form| %>
    6:  
    7:   <% if @article.errors.any? %>
    8:     <div id="error_explanation">
    9:       <h2>
   10:         <%= pluralize(@article.errors.count, "error") %> prohibited
  
app/views/articles/new.html.erb:7:in `block in _app_views_articles_new_html_erb___807283559614759918_70134682763740'
app/views/articles/new.html.erb:5:in `_app_views_articles_new_html_erb___807283559614759918_70134682763740'
Started GET "/articles/new" for 127.0.0.1 at 2017-12-14 19:39:19 -0800
Processing by ArticlesController#new as HTML
  Rendering articles/new.html.erb within layouts/application
  Rendered articles/new.html.erb within layouts/application (4.5ms)
Completed 500 Internal Server Error in 17ms


  
ActionView::Template::Error (undefined method `errors' for nil:NilClass):
    4: 
    5: <%= form_with scope: :article, url: articles_path, local: true do |form| %>
    6:  
    7:   <% if @article.errors.any? %>
    8:     <div id="error_explanation">
    9:       <h2>
   10:         <%= pluralize(@article.errors.count, "error") %> prohibited
  
app/views/articles/new.html.erb:7:in `block in _app_views_articles_new_html_erb___807283559614759918_70134669894740'
app/views/articles/new.html.erb:5:in `_app_views_articles_new_html_erb___807283559614759918_70134669894740'
Started GET "/articles" for 127.0.0.1 at 2017-12-14 19:40:19 -0800
Processing by ArticlesController#index as HTML
  Rendering articles/index.html.erb within layouts/application
  [1m[36mArticle Load (1.2ms)[0m  [1m[34mSELECT "articles".* FROM "articles"[0m
  Rendered articles/index.html.erb within layouts/application (11.5ms)
Completed 200 OK in 73ms (Views: 64.0ms | ActiveRecord: 2.4ms)


Started GET "/articles/1" for 127.0.0.1 at 2017-12-14 19:40:21 -0800
Processing by ArticlesController#show as HTML
  Parameters: {"id"=>"1"}
  [1m[36mArticle Load (0.3ms)[0m  [1m[34mSELECT  "articles".* FROM "articles" WHERE "articles"."id" = ? LIMIT ?[0m  [["id", 1], ["LIMIT", 1]]
  Rendering articles/show.html.erb within layouts/application
  Rendered articles/show.html.erb within layouts/application (1.4ms)
Completed 200 OK in 50ms (Views: 43.6ms | ActiveRecord: 0.3ms)


Started GET "/articles" for 127.0.0.1 at 2017-12-14 19:40:22 -0800
Processing by ArticlesController#index as HTML
  Rendering articles/index.html.erb within layouts/application
  [1m[36mArticle Load (0.3ms)[0m  [1m[34mSELECT "articles".* FROM "articles"[0m
  Rendered articles/index.html.erb within layouts/application (3.4ms)
Completed 200 OK in 44ms (Views: 37.4ms | ActiveRecord: 0.3ms)


Started GET "/" for 127.0.0.1 at 2017-12-14 19:40:25 -0800
Processing by WelcomeController#index as HTML
  Rendering welcome/index.html.erb within layouts/application
  Rendered welcome/index.html.erb within layouts/application (0.9ms)
Completed 200 OK in 23ms (Views: 20.2ms | ActiveRecord: 0.0ms)


Started GET "/articles/new" for 127.0.0.1 at 2017-12-14 19:40:27 -0800
Processing by ArticlesController#new as HTML
  Rendering articles/new.html.erb within layouts/application
  Rendered articles/new.html.erb within layouts/application (14.5ms)
Completed 500 Internal Server Error in 25ms (ActiveRecord: 0.0ms)


  
ActionView::Template::Error (undefined method `errors' for nil:NilClass):
    4: 
    5: <%= form_with scope: :article, url: articles_path, local: true do |form| %>
    6:  
    7:   <% if @article.errors.any? %>
    8:     <div id="error_explanation">
    9:       <h2>
   10:         <%= pluralize(@article.errors.count, "error") %> prohibited
  
app/views/articles/new.html.erb:7:in `block in _app_views_articles_new_html_erb___807283559614759918_70134718894480'
app/views/articles/new.html.erb:5:in `_app_views_articles_new_html_erb___807283559614759918_70134718894480'
Started GET "/" for 127.0.0.1 at 2017-12-14 19:40:33 -0800
Processing by WelcomeController#index as HTML
  Rendering welcome/index.html.erb within layouts/application
  Rendered welcome/index.html.erb within layouts/application (0.7ms)
Completed 200 OK in 24ms (Views: 21.4ms | ActiveRecord: 0.0ms)


Started GET "/articles/new" for 127.0.0.1 at 2017-12-14 19:42:03 -0800
Processing by ArticlesController#new as HTML
  Rendering articles/new.html.erb within layouts/application
  Rendered articles/new.html.erb within layouts/application (19.2ms)
Completed 500 Internal Server Error in 36ms (ActiveRecord: 0.0ms)


  
ActionView::Template::Error (undefined method `errors' for nil:NilClass):
    4: 
    5: <%= form_with scope: :article, url: articles_path, local: true do |form| %>
    6:  
    7:   <% if @article.errors.any? %>
    8:     <div id="error_explanation">
    9:       <h2>
   10:         <%= pluralize(@article.errors.count, "error") %> prohibited
  
app/views/articles/new.html.erb:7:in `block in _app_views_articles_new_html_erb___807283559614759918_70134718976840'
app/views/articles/new.html.erb:5:in `_app_views_articles_new_html_erb___807283559614759918_70134718976840'
Started GET "/" for 127.0.0.1 at 2017-12-14 19:42:38 -0800
Processing by WelcomeController#index as HTML
  Rendering welcome/index.html.erb within layouts/application
  Rendered welcome/index.html.erb within layouts/application (1.1ms)
Completed 200 OK in 53ms (Views: 48.7ms)


Started GET "/articles/new" for 127.0.0.1 at 2017-12-14 19:42:39 -0800
Processing by ArticlesController#new as HTML
  Rendering articles/new.html.erb within layouts/application
  Rendered articles/new.html.erb within layouts/application (6.0ms)
Completed 500 Internal Server Error in 23ms


  
ActionView::Template::Error (undefined method `errors' for nil:NilClass):
    4: 
    5: <%= form_with scope: :article, url: articles_path, local: true do |form| %>
    6:  
    7:   <% if @article.errors.any? %>
    8:     <div id="error_explanation">
    9:       <h2>
   10:         <%= pluralize(@article.errors.count, "error") %> prohibited
  
app/views/articles/new.html.erb:7:in `block in _app_views_articles_new_html_erb___807283559614759918_70134682269900'
app/views/articles/new.html.erb:5:in `_app_views_articles_new_html_erb___807283559614759918_70134682269900'
Started GET "/articles/new" for 127.0.0.1 at 2017-12-14 19:43:54 -0800
Processing by ArticlesController#new as HTML
  Rendering articles/new.html.erb within layouts/application
  Rendered articles/new.html.erb within layouts/application (2.7ms)
Completed 200 OK in 70ms (Views: 51.8ms | ActiveRecord: 1.2ms)


Started POST "/articles" for 127.0.0.1 at 2017-12-14 19:43:57 -0800
Processing by ArticlesController#create as HTML
  Parameters: {"utf8"=>"✓", "authenticity_token"=>"Q5mrSb9uuJ1XGvfctHS9ri6rZqwnTFcMX0HYT8XbXqGTm5GBBVJ1NcioyhKIFlzJYnDGn37OXqVuJP86AmbXjg==", "article"=>{"title"=>"adsf", "text"=>"dfasdg"}, "commit"=>"Save Article"}
  [1m[35m (0.1ms)[0m  [1m[36mbegin transaction[0m
  [1m[35m (0.1ms)[0m  [1m[31mrollback transaction[0m
  Rendering articles/new.html.erb within layouts/application
  Rendered articles/new.html.erb within layouts/application (3.6ms)
Completed 200 OK in 32ms (Views: 24.9ms | ActiveRecord: 0.2ms)


Started POST "/articles" for 127.0.0.1 at 2017-12-14 19:44:02 -0800
Processing by ArticlesController#create as HTML
  Parameters: {"utf8"=>"✓", "authenticity_token"=>"qMrusYJcTZFK45sffm8HxqbjcU5sJQq7kzm/RfeRvNd4yNR5OGCAOdVRptFCDeah6jjRfTWnAxKiXJgwMCw1+A==", "article"=>{"title"=>"adsfd", "text"=>"dfasdg"}, "commit"=>"Save Article"}
  [1m[35m (0.1ms)[0m  [1m[36mbegin transaction[0m
  [1m[35mSQL (2.5ms)[0m  [1m[32mINSERT INTO "articles" ("title", "text", "created_at", "updated_at") VALUES (?, ?, ?, ?)[0m  [["title", "adsfd"], ["text", "dfasdg"], ["created_at", "2017-12-15 03:44:02.124293"], ["updated_at", "2017-12-15 03:44:02.124293"]]
  [1m[35m (2.0ms)[0m  [1m[36mcommit transaction[0m
Redirected to http://localhost:3000/articles/2
Completed 302 Found in 12ms (ActiveRecord: 4.6ms)


Started GET "/articles/2" for 127.0.0.1 at 2017-12-14 19:44:02 -0800
Processing by ArticlesController#show as HTML
  Parameters: {"id"=>"2"}
  [1m[36mArticle Load (0.5ms)[0m  [1m[34mSELECT  "articles".* FROM "articles" WHERE "articles"."id" = ? LIMIT ?[0m  [["id", 2], ["LIMIT", 1]]
  Rendering articles/show.html.erb within layouts/application
  Rendered articles/show.html.erb within layouts/application (0.6ms)
Completed 200 OK in 24ms (Views: 18.5ms | ActiveRecord: 0.5ms)


Started GET "/articles" for 127.0.0.1 at 2017-12-14 19:44:04 -0800
Processing by ArticlesController#index as HTML
  Rendering articles/index.html.erb within layouts/application
  [1m[36mArticle Load (0.3ms)[0m  [1m[34mSELECT "articles".* FROM "articles"[0m
  Rendered articles/index.html.erb within layouts/application (3.1ms)
Completed 200 OK in 43ms (Views: 36.6ms | ActiveRecord: 0.3ms)


Started GET "/articles/1" for 127.0.0.1 at 2017-12-14 19:47:34 -0800
Processing by ArticlesController#show as HTML
  Parameters: {"id"=>"1"}
  [1m[36mArticle Load (0.1ms)[0m  [1m[34mSELECT  "articles".* FROM "articles" WHERE "articles"."id" = ? LIMIT ?[0m  [["id", 1], ["LIMIT", 1]]
  Rendering articles/show.html.erb within layouts/application
  Rendered articles/show.html.erb within layouts/application (330.7ms)
Completed 500 Internal Server Error in 354ms (ActiveRecord: 1.1ms)


  
ActionView::Template::Error (undefined local variable or method `article' for #<#<Class:0x007f93068e9450>:0x007f93068e35a0>
Did you mean?  @article):
    10: 
    11: 
    12: <%= link_to 'Back', articles_path %>
    13: <%= link_to 'Edit', edit_article_path(article) %>
  
app/views/articles/show.html.erb:13:in `_app_views_articles_show_html_erb___748151128808693517_70134723465020'
Started GET "/" for 127.0.0.1 at 2017-12-14 19:47:41 -0800
Processing by WelcomeController#index as HTML
  Rendering welcome/index.html.erb within layouts/application
  Rendered welcome/index.html.erb within layouts/application (1.3ms)
Completed 200 OK in 55ms (Views: 50.9ms | ActiveRecord: 0.0ms)


Started GET "/articles/new" for 127.0.0.1 at 2017-12-14 19:47:42 -0800
Processing by ArticlesController#new as HTML
  Rendering articles/new.html.erb within layouts/application
  Rendered articles/new.html.erb within layouts/application (5.7ms)
Completed 200 OK in 40ms (Views: 35.2ms | ActiveRecord: 0.0ms)


Started GET "/articles" for 127.0.0.1 at 2017-12-14 19:47:46 -0800
Processing by ArticlesController#index as HTML
  Rendering articles/index.html.erb within layouts/application
  [1m[36mArticle Load (0.3ms)[0m  [1m[34mSELECT "articles".* FROM "articles"[0m
  Rendered articles/index.html.erb within layouts/application (3.0ms)
Completed 200 OK in 45ms (Views: 40.0ms | ActiveRecord: 0.3ms)


Started GET "/articles/1/edit" for 127.0.0.1 at 2017-12-14 19:47:47 -0800
Processing by ArticlesController#edit as HTML
  Parameters: {"id"=>"1"}
  [1m[36mArticle Load (0.1ms)[0m  [1m[34mSELECT  "articles".* FROM "articles" WHERE "articles"."id" = ? LIMIT ?[0m  [["id", 1], ["LIMIT", 1]]
  Rendering articles/edit.html.erb within layouts/application
  Rendered articles/edit.html.erb within layouts/application (6.5ms)
Completed 200 OK in 57ms (Views: 51.7ms | ActiveRecord: 0.1ms)


Started PATCH "/articles/1" for 127.0.0.1 at 2017-12-14 19:47:49 -0800
Processing by ArticlesController#update as JS
  Parameters: {"utf8"=>"✓", "authenticity_token"=>"Yc5tZN2dfeKJjsrJES0o+At+L/xaPjhblXo+muKws9zerWEKaiJvUYVxnHxw3Qv+geJnIekJ2Knxb0AAmff7VQ==", "article"=>{"title"=>"afdf", "text"=>"sdf"}, "commit"=>"Update Article", "id"=>"1"}
  [1m[36mArticle Load (0.2ms)[0m  [1m[34mSELECT  "articles".* FROM "articles" WHERE "articles"."id" = ? LIMIT ?[0m  [["id", 1], ["LIMIT", 1]]
  [1m[35m (0.2ms)[0m  [1m[36mbegin transaction[0m
  [1m[35m (0.1ms)[0m  [1m[31mrollback transaction[0m
  Rendering articles/edit.html.erb within layouts/application
  Rendered articles/edit.html.erb within layouts/application (3.7ms)
Completed 200 OK in 49ms (Views: 43.6ms | ActiveRecord: 0.4ms)


Started PATCH "/articles/1" for 127.0.0.1 at 2017-12-14 19:47:52 -0800
Processing by ArticlesController#update as JS
  Parameters: {"utf8"=>"✓", "authenticity_token"=>"Yc5tZN2dfeKJjsrJES0o+At+L/xaPjhblXo+muKws9zerWEKaiJvUYVxnHxw3Qv+geJnIekJ2Knxb0AAmff7VQ==", "article"=>{"title"=>"afdf", "text"=>"sdf"}, "commit"=>"Update Article", "id"=>"1"}
  [1m[36mArticle Load (0.1ms)[0m  [1m[34mSELECT  "articles".* FROM "articles" WHERE "articles"."id" = ? LIMIT ?[0m  [["id", 1], ["LIMIT", 1]]
  [1m[35m (0.1ms)[0m  [1m[36mbegin transaction[0m
  [1m[35m (0.1ms)[0m  [1m[31mrollback transaction[0m
  Rendering articles/edit.html.erb within layouts/application
  Rendered articles/edit.html.erb within layouts/application (3.2ms)
Completed 200 OK in 46ms (Views: 42.5ms | ActiveRecord: 0.3ms)


Started GET "/articles/1/edit" for 127.0.0.1 at 2017-12-14 19:48:07 -0800
Processing by ArticlesController#edit as HTML
  Parameters: {"id"=>"1"}
  [1m[36mArticle Load (0.5ms)[0m  [1m[34mSELECT  "articles".* FROM "articles" WHERE "articles"."id" = ? LIMIT ?[0m  [["id", 1], ["LIMIT", 1]]
  Rendering articles/edit.html.erb within layouts/application
  Rendered articles/edit.html.erb within layouts/application (2.4ms)
Completed 200 OK in 56ms (Views: 22.9ms | ActiveRecord: 2.0ms)


Started PATCH "/articles/1" for 127.0.0.1 at 2017-12-14 19:48:08 -0800
Processing by ArticlesController#update as JS
  Parameters: {"utf8"=>"✓", "authenticity_token"=>"KTeAqV0Www0oTQclZDroVCo2K83TcwFW4X7zZVdnf3f5Nbph5yoOpbf/OutYWAkzZu2L/orxCP/QG9QQkNr2WA==", "article"=>{"title"=>"afdf", "text"=>"adsfds"}, "commit"=>"Update Article", "id"=>"1"}
  [1m[36mArticle Load (0.1ms)[0m  [1m[34mSELECT  "articles".* FROM "articles" WHERE "articles"."id" = ? LIMIT ?[0m  [["id", 1], ["LIMIT", 1]]
  [1m[35m (0.1ms)[0m  [1m[36mbegin transaction[0m
  [1m[35m (0.0ms)[0m  [1m[31mrollback transaction[0m
  Rendering articles/edit.html.erb within layouts/application
  Rendered articles/edit.html.erb within layouts/application (2.2ms)
Completed 200 OK in 35ms (Views: 31.7ms | ActiveRecord: 0.2ms)


Started PATCH "/articles/1" for 127.0.0.1 at 2017-12-14 19:48:10 -0800
Processing by ArticlesController#update as JS
  Parameters: {"utf8"=>"✓", "authenticity_token"=>"KTeAqV0Www0oTQclZDroVCo2K83TcwFW4X7zZVdnf3f5Nbph5yoOpbf/OutYWAkzZu2L/orxCP/QG9QQkNr2WA==", "article"=>{"title"=>"afdf", "text"=>"adsfdsdsf"}, "commit"=>"Update Article", "id"=>"1"}
  [1m[36mArticle Load (0.1ms)[0m  [1m[34mSELECT  "articles".* FROM "articles" WHERE "articles"."id" = ? LIMIT ?[0m  [["id", 1], ["LIMIT", 1]]
  [1m[35m (0.1ms)[0m  [1m[36mbegin transaction[0m
  [1m[35m (0.0ms)[0m  [1m[31mrollback transaction[0m
  Rendering articles/edit.html.erb within layouts/application
  Rendered articles/edit.html.erb within layouts/application (2.2ms)
Completed 200 OK in 34ms (Views: 31.4ms | ActiveRecord: 0.2ms)


Started GET "/" for 127.0.0.1 at 2017-12-14 19:48:16 -0800
Processing by WelcomeController#index as HTML
  Rendering welcome/index.html.erb within layouts/application
  Rendered welcome/index.html.erb within layouts/application (2.6ms)
Completed 200 OK in 40ms (Views: 35.3ms | ActiveRecord: 0.0ms)


Started GET "/articles" for 127.0.0.1 at 2017-12-14 19:48:18 -0800
Processing by ArticlesController#index as HTML
  Rendering articles/index.html.erb within layouts/application
  [1m[36mArticle Load (0.2ms)[0m  [1m[34mSELECT "articles".* FROM "articles"[0m
  Rendered articles/index.html.erb within layouts/application (1.9ms)
Completed 200 OK in 38ms (Views: 34.3ms | ActiveRecord: 0.2ms)


Started GET "/articles/1" for 127.0.0.1 at 2017-12-14 19:48:19 -0800
Processing by ArticlesController#show as HTML
  Parameters: {"id"=>"1"}
  [1m[36mArticle Load (0.1ms)[0m  [1m[34mSELECT  "articles".* FROM "articles" WHERE "articles"."id" = ? LIMIT ?[0m  [["id", 1], ["LIMIT", 1]]
  Rendering articles/show.html.erb within layouts/application
  Rendered articles/show.html.erb within layouts/application (288.4ms)
Completed 500 Internal Server Error in 306ms (ActiveRecord: 0.1ms)


  
ActionView::Template::Error (undefined local variable or method `article' for #<#<Class:0x007f9301ac8ca8>:0x007f9305161e90>
Did you mean?  @article):
    10: 
    11: 
    12: <%= link_to 'Back', articles_path %>
    13: <%= link_to 'Edit', edit_article_path(article) %>
  
app/views/articles/show.html.erb:13:in `_app_views_articles_show_html_erb___748151128808693517_70134711131260'
Started GET "/articles/1" for 127.0.0.1 at 2017-12-14 19:49:27 -0800
Processing by ArticlesController#show as HTML
  Parameters: {"id"=>"1"}
  [1m[36mArticle Load (0.3ms)[0m  [1m[34mSELECT  "articles".* FROM "articles" WHERE "articles"."id" = ? LIMIT ?[0m  [["id", 1], ["LIMIT", 1]]
  Rendering articles/show.html.erb within layouts/application
  Rendered articles/show.html.erb within layouts/application (1.0ms)
Completed 200 OK in 53ms (Views: 36.1ms | ActiveRecord: 1.1ms)


Started GET "/articles/1/edit" for 127.0.0.1 at 2017-12-14 19:49:29 -0800
Processing by ArticlesController#edit as HTML
  Parameters: {"id"=>"1"}
  [1m[36mArticle Load (0.2ms)[0m  [1m[34mSELECT  "articles".* FROM "articles" WHERE "articles"."id" = ? LIMIT ?[0m  [["id", 1], ["LIMIT", 1]]
  Rendering articles/edit.html.erb within layouts/application
  Rendered articles/edit.html.erb within layouts/application (3.3ms)
Completed 200 OK in 36ms (Views: 31.3ms | ActiveRecord: 0.2ms)


Started PATCH "/articles/1" for 127.0.0.1 at 2017-12-14 19:49:31 -0800
Processing by ArticlesController#update as JS
  Parameters: {"utf8"=>"✓", "authenticity_token"=>"oDgHO/xh9hHagDbyZ8i3+lCC4rB2r4MGg80m5u+s3fcfWwtVS97kotZ/YEcGOJT82h6qbcWYY/Tn2Fh8lOuVfg==", "article"=>{"title"=>"afdf", "text"=>"adsfdssfd"}, "commit"=>"Update Article", "id"=>"1"}
  [1m[36mArticle Load (0.1ms)[0m  [1m[34mSELECT  "articles".* FROM "articles" WHERE "articles"."id" = ? LIMIT ?[0m  [["id", 1], ["LIMIT", 1]]
  [1m[35m (0.1ms)[0m  [1m[36mbegin transaction[0m
  [1m[35m (0.1ms)[0m  [1m[31mrollback transaction[0m
  Rendering articles/edit.html.erb within layouts/application
  Rendered articles/edit.html.erb within layouts/application (2.3ms)
Completed 200 OK in 35ms (Views: 30.8ms | ActiveRecord: 0.3ms)


Started GET "/articles" for 127.0.0.1 at 2017-12-14 19:49:32 -0800
Processing by ArticlesController#index as HTML
  Rendering articles/index.html.erb within layouts/application
  [1m[36mArticle Load (0.3ms)[0m  [1m[34mSELECT "articles".* FROM "articles"[0m
  Rendered articles/index.html.erb within layouts/application (3.6ms)
Completed 200 OK in 46ms (Views: 40.1ms | ActiveRecord: 0.3ms)


Started GET "/" for 127.0.0.1 at 2017-12-14 19:49:34 -0800
Processing by WelcomeController#index as HTML
  Rendering welcome/index.html.erb within layouts/application
  Rendered welcome/index.html.erb within layouts/application (1.3ms)
Completed 200 OK in 31ms (Views: 27.5ms | ActiveRecord: 0.0ms)


Started GET "/articles" for 127.0.0.1 at 2017-12-14 19:49:36 -0800
Processing by ArticlesController#index as HTML
  Rendering articles/index.html.erb within layouts/application
  [1m[36mArticle Load (0.2ms)[0m  [1m[34mSELECT "articles".* FROM "articles"[0m
  Rendered articles/index.html.erb within layouts/application (2.4ms)
Completed 200 OK in 21ms (Views: 19.6ms | ActiveRecord: 0.2ms)


Started GET "/articles" for 127.0.0.1 at 2017-12-14 19:49:40 -0800
Processing by ArticlesController#index as HTML
  Rendering articles/index.html.erb within layouts/application
  [1m[36mArticle Load (0.5ms)[0m  [1m[34mSELECT "articles".* FROM "articles"[0m
  Rendered articles/index.html.erb within layouts/application (3.3ms)
Completed 200 OK in 36ms (Views: 33.8ms | ActiveRecord: 0.5ms)


Started GET "/articles/1" for 127.0.0.1 at 2017-12-14 19:49:41 -0800
Processing by ArticlesController#show as HTML
  Parameters: {"id"=>"1"}
  [1m[36mArticle Load (0.1ms)[0m  [1m[34mSELECT  "articles".* FROM "articles" WHERE "articles"."id" = ? LIMIT ?[0m  [["id", 1], ["LIMIT", 1]]
  Rendering articles/show.html.erb within layouts/application
  Rendered articles/show.html.erb within layouts/application (0.9ms)
Completed 200 OK in 34ms (Views: 32.0ms | ActiveRecord: 0.1ms)


Started GET "/articles/1/edit" for 127.0.0.1 at 2017-12-14 19:49:42 -0800
Processing by ArticlesController#edit as HTML
  Parameters: {"id"=>"1"}
  [1m[36mArticle Load (0.1ms)[0m  [1m[34mSELECT  "articles".* FROM "articles" WHERE "articles"."id" = ? LIMIT ?[0m  [["id", 1], ["LIMIT", 1]]
  Rendering articles/edit.html.erb within layouts/application
  Rendered articles/edit.html.erb within layouts/application (4.7ms)
Completed 200 OK in 39ms (Views: 35.6ms | ActiveRecord: 0.1ms)


Started PATCH "/articles/1" for 127.0.0.1 at 2017-12-14 19:50:46 -0800
Processing by ArticlesController#update as JS
  Parameters: {"utf8"=>"✓", "authenticity_token"=>"B+6Y2mmLW9rAmToeJKBTvFY3spsKTm55UhL9dkH36hO4jZS03jRJacxmbKtFUHC63Kv6Rrl5jos2B4PsOrCimg==", "article"=>{"title"=>"afdf", "text"=>"adsfds"}, "commit"=>"Update Article", "id"=>"1"}
  [1m[36mArticle Load (0.2ms)[0m  [1m[34mSELECT  "articles".* FROM "articles" WHERE "articles"."id" = ? LIMIT ?[0m  [["id", 1], ["LIMIT", 1]]
  [1m[35m (0.1ms)[0m  [1m[36mbegin transaction[0m
  [1m[35m (0.1ms)[0m  [1m[31mrollback transaction[0m
  Rendering articles/edit.html.erb within layouts/application
  Rendered articles/edit.html.erb within layouts/application (2.7ms)
Completed 200 OK in 44ms (Views: 39.4ms | ActiveRecord: 0.4ms)


Started PATCH "/articles/1" for 127.0.0.1 at 2017-12-14 19:50:49 -0800
Processing by ArticlesController#update as JS
  Parameters: {"utf8"=>"✓", "authenticity_token"=>"B+6Y2mmLW9rAmToeJKBTvFY3spsKTm55UhL9dkH36hO4jZS03jRJacxmbKtFUHC63Kv6Rrl5jos2B4PsOrCimg==", "article"=>{"title"=>"afdf", "text"=>"adsfds"}, "commit"=>"Update Article", "id"=>"1"}
  [1m[36mArticle Load (0.2ms)[0m  [1m[34mSELECT  "articles".* FROM "articles" WHERE "articles"."id" = ? LIMIT ?[0m  [["id", 1], ["LIMIT", 1]]
  [1m[35m (0.1ms)[0m  [1m[36mbegin transaction[0m
  [1m[35m (0.1ms)[0m  [1m[31mrollback transaction[0m
  Rendering articles/edit.html.erb within layouts/application
  Rendered articles/edit.html.erb within layouts/application (2.7ms)
Completed 200 OK in 46ms (Views: 42.0ms | ActiveRecord: 0.4ms)


Started PATCH "/articles/1" for 127.0.0.1 at 2017-12-14 19:50:49 -0800
Processing by ArticlesController#update as JS
  Parameters: {"utf8"=>"✓", "authenticity_token"=>"B+6Y2mmLW9rAmToeJKBTvFY3spsKTm55UhL9dkH36hO4jZS03jRJacxmbKtFUHC63Kv6Rrl5jos2B4PsOrCimg==", "article"=>{"title"=>"afdf", "text"=>"adsfds"}, "commit"=>"Update Article", "id"=>"1"}
  [1m[36mArticle Load (0.2ms)[0m  [1m[34mSELECT  "articles".* FROM "articles" WHERE "articles"."id" = ? LIMIT ?[0m  [["id", 1], ["LIMIT", 1]]
  [1m[35m (0.1ms)[0m  [1m[36mbegin transaction[0m
  [1m[35m (0.1ms)[0m  [1m[31mrollback transaction[0m
  Rendering articles/edit.html.erb within layouts/application
  Rendered articles/edit.html.erb within layouts/application (4.1ms)
Completed 200 OK in 43ms (Views: 39.9ms | ActiveRecord: 0.4ms)


Started PATCH "/articles/1" for 127.0.0.1 at 2017-12-14 19:50:50 -0800
Processing by ArticlesController#update as JS
  Parameters: {"utf8"=>"✓", "authenticity_token"=>"B+6Y2mmLW9rAmToeJKBTvFY3spsKTm55UhL9dkH36hO4jZS03jRJacxmbKtFUHC63Kv6Rrl5jos2B4PsOrCimg==", "article"=>{"title"=>"afdf", "text"=>"adsfds"}, "commit"=>"Update Article", "id"=>"1"}
  [1m[36mArticle Load (0.2ms)[0m  [1m[34mSELECT  "articles".* FROM "articles" WHERE "articles"."id" = ? LIMIT ?[0m  [["id", 1], ["LIMIT", 1]]
  [1m[35m (0.1ms)[0m  [1m[36mbegin transaction[0m
  [1m[35m (0.1ms)[0m  [1m[31mrollback transaction[0m
  Rendering articles/edit.html.erb within layouts/application
  Rendered articles/edit.html.erb within layouts/application (2.9ms)
Completed 200 OK in 35ms (Views: 31.4ms | ActiveRecord: 0.3ms)


Started PATCH "/articles/1" for 127.0.0.1 at 2017-12-14 19:50:50 -0800
Processing by ArticlesController#update as JS
  Parameters: {"utf8"=>"✓", "authenticity_token"=>"B+6Y2mmLW9rAmToeJKBTvFY3spsKTm55UhL9dkH36hO4jZS03jRJacxmbKtFUHC63Kv6Rrl5jos2B4PsOrCimg==", "article"=>{"title"=>"afdf", "text"=>"adsfds"}, "commit"=>"Update Article", "id"=>"1"}
  [1m[36mArticle Load (0.3ms)[0m  [1m[34mSELECT  "articles".* FROM "articles" WHERE "articles"."id" = ? LIMIT ?[0m  [["id", 1], ["LIMIT", 1]]
  [1m[35m (0.1ms)[0m  [1m[36mbegin transaction[0m
  [1m[35m (0.1ms)[0m  [1m[31mrollback transaction[0m
  Rendering articles/edit.html.erb within layouts/application
  Rendered articles/edit.html.erb within layouts/application (2.2ms)
Completed 200 OK in 40ms (Views: 35.1ms | ActiveRecord: 0.5ms)


Started PATCH "/articles/1" for 127.0.0.1 at 2017-12-14 19:50:50 -0800
Processing by ArticlesController#update as JS
  Parameters: {"utf8"=>"✓", "authenticity_token"=>"B+6Y2mmLW9rAmToeJKBTvFY3spsKTm55UhL9dkH36hO4jZS03jRJacxmbKtFUHC63Kv6Rrl5jos2B4PsOrCimg==", "article"=>{"title"=>"afdf", "text"=>"adsfds"}, "commit"=>"Update Article", "id"=>"1"}
  [1m[36mArticle Load (0.1ms)[0m  [1m[34mSELECT  "articles".* FROM "articles" WHERE "articles"."id" = ? LIMIT ?[0m  [["id", 1], ["LIMIT", 1]]
  [1m[35m (0.1ms)[0m  [1m[36mbegin transaction[0m
  [1m[35m (0.1ms)[0m  [1m[31mrollback transaction[0m
  Rendering articles/edit.html.erb within layouts/application
  Rendered articles/edit.html.erb within layouts/application (3.3ms)
Completed 200 OK in 37ms (Views: 33.9ms | ActiveRecord: 0.3ms)


